<?xml version="1.0" encoding="UTF-8"?>
<testsuite xmlns:xsi="http://www.w3.org/2001/XMLSchema-instance" xsi:noNamespaceSchemaLocation="https://maven.apache.org/surefire/maven-surefire-plugin/xsd/surefire-test-report-3.0.xsd" version="3.0" name="com.example.spring_cloud_azure.SpringCloudAzureApplicationTests" time="3.427" tests="1" errors="0" skipped="0" failures="0">
  <properties>
    <property name="java.specification.version" value="17"/>
    <property name="sun.cpu.isalist" value="amd64"/>
    <property name="sun.jnu.encoding" value="MS949"/>
    <property name="java.class.path" value="C:\java\javad\spring-cloud-azure\target\test-classes;C:\java\javad\spring-cloud-azure\target\classes;C:\Users\kej90\.m2\repository\org\springframework\boot\spring-boot-starter\3.4.0\spring-boot-starter-3.4.0.jar;C:\Users\kej90\.m2\repository\org\springframework\boot\spring-boot\3.4.0\spring-boot-3.4.0.jar;C:\Users\kej90\.m2\repository\org\springframework\spring-context\6.2.0\spring-context-6.2.0.jar;C:\Users\kej90\.m2\repository\org\springframework\boot\spring-boot-autoconfigure\3.4.0\spring-boot-autoconfigure-3.4.0.jar;C:\Users\kej90\.m2\repository\org\springframework\boot\spring-boot-starter-logging\3.4.0\spring-boot-starter-logging-3.4.0.jar;C:\Users\kej90\.m2\repository\ch\qos\logback\logback-classic\1.5.12\logback-classic-1.5.12.jar;C:\Users\kej90\.m2\repository\ch\qos\logback\logback-core\1.5.12\logback-core-1.5.12.jar;C:\Users\kej90\.m2\repository\org\apache\logging\log4j\log4j-to-slf4j\2.24.1\log4j-to-slf4j-2.24.1.jar;C:\Users\kej90\.m2\repository\org\apache\logging\log4j\log4j-api\2.24.1\log4j-api-2.24.1.jar;C:\Users\kej90\.m2\repository\org\slf4j\jul-to-slf4j\2.0.16\jul-to-slf4j-2.0.16.jar;C:\Users\kej90\.m2\repository\jakarta\annotation\jakarta.annotation-api\2.1.1\jakarta.annotation-api-2.1.1.jar;C:\Users\kej90\.m2\repository\org\springframework\spring-core\6.2.0\spring-core-6.2.0.jar;C:\Users\kej90\.m2\repository\org\springframework\spring-jcl\6.2.0\spring-jcl-6.2.0.jar;C:\Users\kej90\.m2\repository\org\yaml\snakeyaml\2.3\snakeyaml-2.3.jar;C:\Users\kej90\.m2\repository\com\azure\spring\spring-cloud-azure-starter-keyvault-secrets\5.19.0\spring-cloud-azure-starter-keyvault-secrets-5.19.0.jar;C:\Users\kej90\.m2\repository\com\azure\spring\spring-cloud-azure-starter\5.19.0\spring-cloud-azure-starter-5.19.0.jar;C:\Users\kej90\.m2\repository\com\azure\spring\spring-cloud-azure-autoconfigure\5.19.0\spring-cloud-azure-autoconfigure-5.19.0.jar;C:\Users\kej90\.m2\repository\com\azure\spring\spring-cloud-azure-service\5.19.0\spring-cloud-azure-service-5.19.0.jar;C:\Users\kej90\.m2\repository\com\azure\spring\spring-cloud-azure-core\5.19.0\spring-cloud-azure-core-5.19.0.jar;C:\Users\kej90\.m2\repository\com\azure\azure-identity\1.14.2\azure-identity-1.14.2.jar;C:\Users\kej90\.m2\repository\com\microsoft\azure\msal4j\1.17.2\msal4j-1.17.2.jar;C:\Users\kej90\.m2\repository\com\nimbusds\oauth2-oidc-sdk\11.18\oauth2-oidc-sdk-11.18.jar;C:\Users\kej90\.m2\repository\com\github\stephenc\jcip\jcip-annotations\1.0-1\jcip-annotations-1.0-1.jar;C:\Users\kej90\.m2\repository\com\nimbusds\content-type\2.3\content-type-2.3.jar;C:\Users\kej90\.m2\repository\com\nimbusds\lang-tag\1.7\lang-tag-1.7.jar;C:\Users\kej90\.m2\repository\com\nimbusds\nimbus-jose-jwt\9.40\nimbus-jose-jwt-9.40.jar;C:\Users\kej90\.m2\repository\com\microsoft\azure\msal4j-persistence-extension\1.3.0\msal4j-persistence-extension-1.3.0.jar;C:\Users\kej90\.m2\repository\net\java\dev\jna\jna\5.13.0\jna-5.13.0.jar;C:\Users\kej90\.m2\repository\net\java\dev\jna\jna-platform\5.13.0\jna-platform-5.13.0.jar;C:\Users\kej90\.m2\repository\com\azure\azure-core-amqp\2.9.12\azure-core-amqp-2.9.12.jar;C:\Users\kej90\.m2\repository\com\microsoft\azure\qpid-proton-j-extensions\1.2.5\qpid-proton-j-extensions-1.2.5.jar;C:\Users\kej90\.m2\repository\org\apache\qpid\proton-j\0.34.1\proton-j-0.34.1.jar;C:\Users\kej90\.m2\repository\com\azure\azure-core-management\1.15.6\azure-core-management-1.15.6.jar;C:\Users\kej90\.m2\repository\jakarta\validation\jakarta.validation-api\3.0.2\jakarta.validation-api-3.0.2.jar;C:\Users\kej90\.m2\repository\com\azure\azure-security-keyvault-secrets\4.9.1\azure-security-keyvault-secrets-4.9.1.jar;C:\Users\kej90\.m2\repository\com\azure\azure-core\1.54.1\azure-core-1.54.1.jar;C:\Users\kej90\.m2\repository\com\azure\azure-xml\1.1.0\azure-xml-1.1.0.jar;C:\Users\kej90\.m2\repository\com\fasterxml\jackson\core\jackson-annotations\2.17.2\jackson-annotations-2.17.2.jar;C:\Users\kej90\.m2\repository\com\fasterxml\jackson\core\jackson-core\2.17.2\jackson-core-2.17.2.jar;C:\Users\kej90\.m2\repository\io\projectreactor\reactor-core\3.4.41\reactor-core-3.4.41.jar;C:\Users\kej90\.m2\repository\org\reactivestreams\reactive-streams\1.0.4\reactive-streams-1.0.4.jar;C:\Users\kej90\.m2\repository\com\azure\azure-json\1.3.0\azure-json-1.3.0.jar;C:\Users\kej90\.m2\repository\com\azure\azure-core-http-netty\1.15.7\azure-core-http-netty-1.15.7.jar;C:\Users\kej90\.m2\repository\io\netty\netty-handler\4.1.115.Final\netty-handler-4.1.115.Final.jar;C:\Users\kej90\.m2\repository\io\netty\netty-resolver\4.1.115.Final\netty-resolver-4.1.115.Final.jar;C:\Users\kej90\.m2\repository\io\netty\netty-transport\4.1.115.Final\netty-transport-4.1.115.Final.jar;C:\Users\kej90\.m2\repository\io\netty\netty-handler-proxy\4.1.115.Final\netty-handler-proxy-4.1.115.Final.jar;C:\Users\kej90\.m2\repository\io\netty\netty-codec-socks\4.1.115.Final\netty-codec-socks-4.1.115.Final.jar;C:\Users\kej90\.m2\repository\io\netty\netty-buffer\4.1.115.Final\netty-buffer-4.1.115.Final.jar;C:\Users\kej90\.m2\repository\io\netty\netty-codec\4.1.115.Final\netty-codec-4.1.115.Final.jar;C:\Users\kej90\.m2\repository\io\netty\netty-codec-http\4.1.115.Final\netty-codec-http-4.1.115.Final.jar;C:\Users\kej90\.m2\repository\io\netty\netty-codec-http2\4.1.115.Final\netty-codec-http2-4.1.115.Final.jar;C:\Users\kej90\.m2\repository\io\netty\netty-transport-native-unix-common\4.1.115.Final\netty-transport-native-unix-common-4.1.115.Final.jar;C:\Users\kej90\.m2\repository\io\netty\netty-transport-native-epoll\4.1.115.Final\netty-transport-native-epoll-4.1.115.Final-linux-x86_64.jar;C:\Users\kej90\.m2\repository\io\netty\netty-transport-classes-epoll\4.1.115.Final\netty-transport-classes-epoll-4.1.115.Final.jar;C:\Users\kej90\.m2\repository\io\netty\netty-transport-native-kqueue\4.1.115.Final\netty-transport-native-kqueue-4.1.115.Final-osx-x86_64.jar;C:\Users\kej90\.m2\repository\io\netty\netty-transport-classes-kqueue\4.1.115.Final\netty-transport-classes-kqueue-4.1.115.Final.jar;C:\Users\kej90\.m2\repository\io\netty\netty-tcnative-boringssl-static\2.0.69.Final\netty-tcnative-boringssl-static-2.0.69.Final.jar;C:\Users\kej90\.m2\repository\io\netty\netty-tcnative-classes\2.0.69.Final\netty-tcnative-classes-2.0.69.Final.jar;C:\Users\kej90\.m2\repository\io\netty\netty-tcnative-boringssl-static\2.0.69.Final\netty-tcnative-boringssl-static-2.0.69.Final-linux-x86_64.jar;C:\Users\kej90\.m2\repository\io\netty\netty-tcnative-boringssl-static\2.0.69.Final\netty-tcnative-boringssl-static-2.0.69.Final-linux-aarch_64.jar;C:\Users\kej90\.m2\repository\io\netty\netty-tcnative-boringssl-static\2.0.69.Final\netty-tcnative-boringssl-static-2.0.69.Final-osx-x86_64.jar;C:\Users\kej90\.m2\repository\io\netty\netty-tcnative-boringssl-static\2.0.69.Final\netty-tcnative-boringssl-static-2.0.69.Final-osx-aarch_64.jar;C:\Users\kej90\.m2\repository\io\netty\netty-tcnative-boringssl-static\2.0.69.Final\netty-tcnative-boringssl-static-2.0.69.Final-windows-x86_64.jar;C:\Users\kej90\.m2\repository\io\projectreactor\netty\reactor-netty-http\1.0.48\reactor-netty-http-1.0.48.jar;C:\Users\kej90\.m2\repository\io\netty\netty-resolver-dns\4.1.112.Final\netty-resolver-dns-4.1.112.Final.jar;C:\Users\kej90\.m2\repository\io\netty\netty-codec-dns\4.1.112.Final\netty-codec-dns-4.1.112.Final.jar;C:\Users\kej90\.m2\repository\io\netty\netty-resolver-dns-native-macos\4.1.112.Final\netty-resolver-dns-native-macos-4.1.112.Final-osx-x86_64.jar;C:\Users\kej90\.m2\repository\io\netty\netty-resolver-dns-classes-macos\4.1.112.Final\netty-resolver-dns-classes-macos-4.1.112.Final.jar;C:\Users\kej90\.m2\repository\io\projectreactor\netty\reactor-netty-core\1.0.48\reactor-netty-core-1.0.48.jar;C:\Users\kej90\.m2\repository\io\netty\netty-common\4.1.115.Final\netty-common-4.1.115.Final.jar;C:\Users\kej90\.m2\repository\org\springframework\boot\spring-boot-starter-test\3.4.0\spring-boot-starter-test-3.4.0.jar;C:\Users\kej90\.m2\repository\org\springframework\boot\spring-boot-test\3.4.0\spring-boot-test-3.4.0.jar;C:\Users\kej90\.m2\repository\org\springframework\boot\spring-boot-test-autoconfigure\3.4.0\spring-boot-test-autoconfigure-3.4.0.jar;C:\Users\kej90\.m2\repository\com\jayway\jsonpath\json-path\2.9.0\json-path-2.9.0.jar;C:\Users\kej90\.m2\repository\org\slf4j\slf4j-api\2.0.11\slf4j-api-2.0.11.jar;C:\Users\kej90\.m2\repository\jakarta\xml\bind\jakarta.xml.bind-api\4.0.2\jakarta.xml.bind-api-4.0.2.jar;C:\Users\kej90\.m2\repository\jakarta\activation\jakarta.activation-api\2.1.3\jakarta.activation-api-2.1.3.jar;C:\Users\kej90\.m2\repository\net\minidev\json-smart\2.5.1\json-smart-2.5.1.jar;C:\Users\kej90\.m2\repository\net\minidev\accessors-smart\2.5.1\accessors-smart-2.5.1.jar;C:\Users\kej90\.m2\repository\org\ow2\asm\asm\9.6\asm-9.6.jar;C:\Users\kej90\.m2\repository\org\assertj\assertj-core\3.26.3\assertj-core-3.26.3.jar;C:\Users\kej90\.m2\repository\net\bytebuddy\byte-buddy\1.14.18\byte-buddy-1.14.18.jar;C:\Users\kej90\.m2\repository\org\awaitility\awaitility\4.2.2\awaitility-4.2.2.jar;C:\Users\kej90\.m2\repository\org\hamcrest\hamcrest\2.2\hamcrest-2.2.jar;C:\Users\kej90\.m2\repository\org\junit\jupiter\junit-jupiter\5.11.3\junit-jupiter-5.11.3.jar;C:\Users\kej90\.m2\repository\org\junit\jupiter\junit-jupiter-api\5.11.3\junit-jupiter-api-5.11.3.jar;C:\Users\kej90\.m2\repository\org\opentest4j\opentest4j\1.3.0\opentest4j-1.3.0.jar;C:\Users\kej90\.m2\repository\org\junit\platform\junit-platform-commons\1.11.3\junit-platform-commons-1.11.3.jar;C:\Users\kej90\.m2\repository\org\apiguardian\apiguardian-api\1.1.2\apiguardian-api-1.1.2.jar;C:\Users\kej90\.m2\repository\org\junit\jupiter\junit-jupiter-params\5.11.3\junit-jupiter-params-5.11.3.jar;C:\Users\kej90\.m2\repository\org\junit\jupiter\junit-jupiter-engine\5.11.3\junit-jupiter-engine-5.11.3.jar;C:\Users\kej90\.m2\repository\org\junit\platform\junit-platform-engine\1.11.3\junit-platform-engine-1.11.3.jar;C:\Users\kej90\.m2\repository\org\mockito\mockito-core\5.14.2\mockito-core-5.14.2.jar;C:\Users\kej90\.m2\repository\net\bytebuddy\byte-buddy-agent\1.15.4\byte-buddy-agent-1.15.4.jar;C:\Users\kej90\.m2\repository\org\objenesis\objenesis\3.3\objenesis-3.3.jar;C:\Users\kej90\.m2\repository\org\mockito\mockito-junit-jupiter\5.14.2\mockito-junit-jupiter-5.14.2.jar;C:\Users\kej90\.m2\repository\org\skyscreamer\jsonassert\1.5.3\jsonassert-1.5.3.jar;C:\Users\kej90\.m2\repository\com\vaadin\external\google\android-json\0.0.20131108.vaadin1\android-json-0.0.20131108.vaadin1.jar;C:\Users\kej90\.m2\repository\org\springframework\spring-test\6.2.0\spring-test-6.2.0.jar;C:\Users\kej90\.m2\repository\org\xmlunit\xmlunit-core\2.10.0\xmlunit-core-2.10.0.jar;C:\Users\kej90\.m2\repository\org\springframework\boot\spring-boot-starter-web\3.4.0\spring-boot-starter-web-3.4.0.jar;C:\Users\kej90\.m2\repository\org\springframework\boot\spring-boot-starter-json\3.4.0\spring-boot-starter-json-3.4.0.jar;C:\Users\kej90\.m2\repository\com\fasterxml\jackson\core\jackson-databind\2.18.1\jackson-databind-2.18.1.jar;C:\Users\kej90\.m2\repository\com\fasterxml\jackson\datatype\jackson-datatype-jdk8\2.18.1\jackson-datatype-jdk8-2.18.1.jar;C:\Users\kej90\.m2\repository\com\fasterxml\jackson\datatype\jackson-datatype-jsr310\2.18.1\jackson-datatype-jsr310-2.18.1.jar;C:\Users\kej90\.m2\repository\com\fasterxml\jackson\module\jackson-module-parameter-names\2.18.1\jackson-module-parameter-names-2.18.1.jar;C:\Users\kej90\.m2\repository\org\springframework\boot\spring-boot-starter-tomcat\3.4.0\spring-boot-starter-tomcat-3.4.0.jar;C:\Users\kej90\.m2\repository\org\apache\tomcat\embed\tomcat-embed-core\10.1.33\tomcat-embed-core-10.1.33.jar;C:\Users\kej90\.m2\repository\org\apache\tomcat\embed\tomcat-embed-el\10.1.33\tomcat-embed-el-10.1.33.jar;C:\Users\kej90\.m2\repository\org\apache\tomcat\embed\tomcat-embed-websocket\10.1.33\tomcat-embed-websocket-10.1.33.jar;C:\Users\kej90\.m2\repository\org\springframework\spring-web\6.2.0\spring-web-6.2.0.jar;C:\Users\kej90\.m2\repository\org\springframework\spring-beans\6.2.0\spring-beans-6.2.0.jar;C:\Users\kej90\.m2\repository\io\micrometer\micrometer-observation\1.14.0\micrometer-observation-1.14.0.jar;C:\Users\kej90\.m2\repository\io\micrometer\micrometer-commons\1.14.0\micrometer-commons-1.14.0.jar;C:\Users\kej90\.m2\repository\org\springframework\spring-webmvc\6.2.0\spring-webmvc-6.2.0.jar;C:\Users\kej90\.m2\repository\org\springframework\spring-aop\6.2.0\spring-aop-6.2.0.jar;C:\Users\kej90\.m2\repository\org\springframework\spring-expression\6.2.0\spring-expression-6.2.0.jar;"/>
    <property name="java.vm.vendor" value="Oracle Corporation"/>
    <property name="sun.arch.data.model" value="64"/>
    <property name="user.variant" value=""/>
    <property name="java.vendor.url" value="https://java.oracle.com/"/>
    <property name="user.timezone" value="Asia/Seoul"/>
    <property name="os.name" value="Windows 11"/>
    <property name="java.vm.specification.version" value="17"/>
    <property name="APPLICATION_NAME" value="spring-cloud-azure"/>
    <property name="sun.java.launcher" value="SUN_STANDARD"/>
    <property name="user.country" value="KR"/>
    <property name="sun.boot.library.path" value="C:\Program Files\Java\jdk-17.0.2\bin"/>
    <property name="sun.java.command" value="C:\Users\kej90\AppData\Local\Temp\surefire11867430256003373197\surefirebooter-20241223231744216_3.jar C:\Users\kej90\AppData\Local\Temp\surefire11867430256003373197 2024-12-23T23-17-43_916-jvmRun1 surefire-20241223231744216_1tmp surefire_0-20241223231744216_2tmp"/>
    <property name="jdk.debug" value="release"/>
    <property name="surefire.test.class.path" value="C:\java\javad\spring-cloud-azure\target\test-classes;C:\java\javad\spring-cloud-azure\target\classes;C:\Users\kej90\.m2\repository\org\springframework\boot\spring-boot-starter\3.4.0\spring-boot-starter-3.4.0.jar;C:\Users\kej90\.m2\repository\org\springframework\boot\spring-boot\3.4.0\spring-boot-3.4.0.jar;C:\Users\kej90\.m2\repository\org\springframework\spring-context\6.2.0\spring-context-6.2.0.jar;C:\Users\kej90\.m2\repository\org\springframework\boot\spring-boot-autoconfigure\3.4.0\spring-boot-autoconfigure-3.4.0.jar;C:\Users\kej90\.m2\repository\org\springframework\boot\spring-boot-starter-logging\3.4.0\spring-boot-starter-logging-3.4.0.jar;C:\Users\kej90\.m2\repository\ch\qos\logback\logback-classic\1.5.12\logback-classic-1.5.12.jar;C:\Users\kej90\.m2\repository\ch\qos\logback\logback-core\1.5.12\logback-core-1.5.12.jar;C:\Users\kej90\.m2\repository\org\apache\logging\log4j\log4j-to-slf4j\2.24.1\log4j-to-slf4j-2.24.1.jar;C:\Users\kej90\.m2\repository\org\apache\logging\log4j\log4j-api\2.24.1\log4j-api-2.24.1.jar;C:\Users\kej90\.m2\repository\org\slf4j\jul-to-slf4j\2.0.16\jul-to-slf4j-2.0.16.jar;C:\Users\kej90\.m2\repository\jakarta\annotation\jakarta.annotation-api\2.1.1\jakarta.annotation-api-2.1.1.jar;C:\Users\kej90\.m2\repository\org\springframework\spring-core\6.2.0\spring-core-6.2.0.jar;C:\Users\kej90\.m2\repository\org\springframework\spring-jcl\6.2.0\spring-jcl-6.2.0.jar;C:\Users\kej90\.m2\repository\org\yaml\snakeyaml\2.3\snakeyaml-2.3.jar;C:\Users\kej90\.m2\repository\com\azure\spring\spring-cloud-azure-starter-keyvault-secrets\5.19.0\spring-cloud-azure-starter-keyvault-secrets-5.19.0.jar;C:\Users\kej90\.m2\repository\com\azure\spring\spring-cloud-azure-starter\5.19.0\spring-cloud-azure-starter-5.19.0.jar;C:\Users\kej90\.m2\repository\com\azure\spring\spring-cloud-azure-autoconfigure\5.19.0\spring-cloud-azure-autoconfigure-5.19.0.jar;C:\Users\kej90\.m2\repository\com\azure\spring\spring-cloud-azure-service\5.19.0\spring-cloud-azure-service-5.19.0.jar;C:\Users\kej90\.m2\repository\com\azure\spring\spring-cloud-azure-core\5.19.0\spring-cloud-azure-core-5.19.0.jar;C:\Users\kej90\.m2\repository\com\azure\azure-identity\1.14.2\azure-identity-1.14.2.jar;C:\Users\kej90\.m2\repository\com\microsoft\azure\msal4j\1.17.2\msal4j-1.17.2.jar;C:\Users\kej90\.m2\repository\com\nimbusds\oauth2-oidc-sdk\11.18\oauth2-oidc-sdk-11.18.jar;C:\Users\kej90\.m2\repository\com\github\stephenc\jcip\jcip-annotations\1.0-1\jcip-annotations-1.0-1.jar;C:\Users\kej90\.m2\repository\com\nimbusds\content-type\2.3\content-type-2.3.jar;C:\Users\kej90\.m2\repository\com\nimbusds\lang-tag\1.7\lang-tag-1.7.jar;C:\Users\kej90\.m2\repository\com\nimbusds\nimbus-jose-jwt\9.40\nimbus-jose-jwt-9.40.jar;C:\Users\kej90\.m2\repository\com\microsoft\azure\msal4j-persistence-extension\1.3.0\msal4j-persistence-extension-1.3.0.jar;C:\Users\kej90\.m2\repository\net\java\dev\jna\jna\5.13.0\jna-5.13.0.jar;C:\Users\kej90\.m2\repository\net\java\dev\jna\jna-platform\5.13.0\jna-platform-5.13.0.jar;C:\Users\kej90\.m2\repository\com\azure\azure-core-amqp\2.9.12\azure-core-amqp-2.9.12.jar;C:\Users\kej90\.m2\repository\com\microsoft\azure\qpid-proton-j-extensions\1.2.5\qpid-proton-j-extensions-1.2.5.jar;C:\Users\kej90\.m2\repository\org\apache\qpid\proton-j\0.34.1\proton-j-0.34.1.jar;C:\Users\kej90\.m2\repository\com\azure\azure-core-management\1.15.6\azure-core-management-1.15.6.jar;C:\Users\kej90\.m2\repository\jakarta\validation\jakarta.validation-api\3.0.2\jakarta.validation-api-3.0.2.jar;C:\Users\kej90\.m2\repository\com\azure\azure-security-keyvault-secrets\4.9.1\azure-security-keyvault-secrets-4.9.1.jar;C:\Users\kej90\.m2\repository\com\azure\azure-core\1.54.1\azure-core-1.54.1.jar;C:\Users\kej90\.m2\repository\com\azure\azure-xml\1.1.0\azure-xml-1.1.0.jar;C:\Users\kej90\.m2\repository\com\fasterxml\jackson\core\jackson-annotations\2.17.2\jackson-annotations-2.17.2.jar;C:\Users\kej90\.m2\repository\com\fasterxml\jackson\core\jackson-core\2.17.2\jackson-core-2.17.2.jar;C:\Users\kej90\.m2\repository\io\projectreactor\reactor-core\3.4.41\reactor-core-3.4.41.jar;C:\Users\kej90\.m2\repository\org\reactivestreams\reactive-streams\1.0.4\reactive-streams-1.0.4.jar;C:\Users\kej90\.m2\repository\com\azure\azure-json\1.3.0\azure-json-1.3.0.jar;C:\Users\kej90\.m2\repository\com\azure\azure-core-http-netty\1.15.7\azure-core-http-netty-1.15.7.jar;C:\Users\kej90\.m2\repository\io\netty\netty-handler\4.1.115.Final\netty-handler-4.1.115.Final.jar;C:\Users\kej90\.m2\repository\io\netty\netty-resolver\4.1.115.Final\netty-resolver-4.1.115.Final.jar;C:\Users\kej90\.m2\repository\io\netty\netty-transport\4.1.115.Final\netty-transport-4.1.115.Final.jar;C:\Users\kej90\.m2\repository\io\netty\netty-handler-proxy\4.1.115.Final\netty-handler-proxy-4.1.115.Final.jar;C:\Users\kej90\.m2\repository\io\netty\netty-codec-socks\4.1.115.Final\netty-codec-socks-4.1.115.Final.jar;C:\Users\kej90\.m2\repository\io\netty\netty-buffer\4.1.115.Final\netty-buffer-4.1.115.Final.jar;C:\Users\kej90\.m2\repository\io\netty\netty-codec\4.1.115.Final\netty-codec-4.1.115.Final.jar;C:\Users\kej90\.m2\repository\io\netty\netty-codec-http\4.1.115.Final\netty-codec-http-4.1.115.Final.jar;C:\Users\kej90\.m2\repository\io\netty\netty-codec-http2\4.1.115.Final\netty-codec-http2-4.1.115.Final.jar;C:\Users\kej90\.m2\repository\io\netty\netty-transport-native-unix-common\4.1.115.Final\netty-transport-native-unix-common-4.1.115.Final.jar;C:\Users\kej90\.m2\repository\io\netty\netty-transport-native-epoll\4.1.115.Final\netty-transport-native-epoll-4.1.115.Final-linux-x86_64.jar;C:\Users\kej90\.m2\repository\io\netty\netty-transport-classes-epoll\4.1.115.Final\netty-transport-classes-epoll-4.1.115.Final.jar;C:\Users\kej90\.m2\repository\io\netty\netty-transport-native-kqueue\4.1.115.Final\netty-transport-native-kqueue-4.1.115.Final-osx-x86_64.jar;C:\Users\kej90\.m2\repository\io\netty\netty-transport-classes-kqueue\4.1.115.Final\netty-transport-classes-kqueue-4.1.115.Final.jar;C:\Users\kej90\.m2\repository\io\netty\netty-tcnative-boringssl-static\2.0.69.Final\netty-tcnative-boringssl-static-2.0.69.Final.jar;C:\Users\kej90\.m2\repository\io\netty\netty-tcnative-classes\2.0.69.Final\netty-tcnative-classes-2.0.69.Final.jar;C:\Users\kej90\.m2\repository\io\netty\netty-tcnative-boringssl-static\2.0.69.Final\netty-tcnative-boringssl-static-2.0.69.Final-linux-x86_64.jar;C:\Users\kej90\.m2\repository\io\netty\netty-tcnative-boringssl-static\2.0.69.Final\netty-tcnative-boringssl-static-2.0.69.Final-linux-aarch_64.jar;C:\Users\kej90\.m2\repository\io\netty\netty-tcnative-boringssl-static\2.0.69.Final\netty-tcnative-boringssl-static-2.0.69.Final-osx-x86_64.jar;C:\Users\kej90\.m2\repository\io\netty\netty-tcnative-boringssl-static\2.0.69.Final\netty-tcnative-boringssl-static-2.0.69.Final-osx-aarch_64.jar;C:\Users\kej90\.m2\repository\io\netty\netty-tcnative-boringssl-static\2.0.69.Final\netty-tcnative-boringssl-static-2.0.69.Final-windows-x86_64.jar;C:\Users\kej90\.m2\repository\io\projectreactor\netty\reactor-netty-http\1.0.48\reactor-netty-http-1.0.48.jar;C:\Users\kej90\.m2\repository\io\netty\netty-resolver-dns\4.1.112.Final\netty-resolver-dns-4.1.112.Final.jar;C:\Users\kej90\.m2\repository\io\netty\netty-codec-dns\4.1.112.Final\netty-codec-dns-4.1.112.Final.jar;C:\Users\kej90\.m2\repository\io\netty\netty-resolver-dns-native-macos\4.1.112.Final\netty-resolver-dns-native-macos-4.1.112.Final-osx-x86_64.jar;C:\Users\kej90\.m2\repository\io\netty\netty-resolver-dns-classes-macos\4.1.112.Final\netty-resolver-dns-classes-macos-4.1.112.Final.jar;C:\Users\kej90\.m2\repository\io\projectreactor\netty\reactor-netty-core\1.0.48\reactor-netty-core-1.0.48.jar;C:\Users\kej90\.m2\repository\io\netty\netty-common\4.1.115.Final\netty-common-4.1.115.Final.jar;C:\Users\kej90\.m2\repository\org\springframework\boot\spring-boot-starter-test\3.4.0\spring-boot-starter-test-3.4.0.jar;C:\Users\kej90\.m2\repository\org\springframework\boot\spring-boot-test\3.4.0\spring-boot-test-3.4.0.jar;C:\Users\kej90\.m2\repository\org\springframework\boot\spring-boot-test-autoconfigure\3.4.0\spring-boot-test-autoconfigure-3.4.0.jar;C:\Users\kej90\.m2\repository\com\jayway\jsonpath\json-path\2.9.0\json-path-2.9.0.jar;C:\Users\kej90\.m2\repository\org\slf4j\slf4j-api\2.0.11\slf4j-api-2.0.11.jar;C:\Users\kej90\.m2\repository\jakarta\xml\bind\jakarta.xml.bind-api\4.0.2\jakarta.xml.bind-api-4.0.2.jar;C:\Users\kej90\.m2\repository\jakarta\activation\jakarta.activation-api\2.1.3\jakarta.activation-api-2.1.3.jar;C:\Users\kej90\.m2\repository\net\minidev\json-smart\2.5.1\json-smart-2.5.1.jar;C:\Users\kej90\.m2\repository\net\minidev\accessors-smart\2.5.1\accessors-smart-2.5.1.jar;C:\Users\kej90\.m2\repository\org\ow2\asm\asm\9.6\asm-9.6.jar;C:\Users\kej90\.m2\repository\org\assertj\assertj-core\3.26.3\assertj-core-3.26.3.jar;C:\Users\kej90\.m2\repository\net\bytebuddy\byte-buddy\1.14.18\byte-buddy-1.14.18.jar;C:\Users\kej90\.m2\repository\org\awaitility\awaitility\4.2.2\awaitility-4.2.2.jar;C:\Users\kej90\.m2\repository\org\hamcrest\hamcrest\2.2\hamcrest-2.2.jar;C:\Users\kej90\.m2\repository\org\junit\jupiter\junit-jupiter\5.11.3\junit-jupiter-5.11.3.jar;C:\Users\kej90\.m2\repository\org\junit\jupiter\junit-jupiter-api\5.11.3\junit-jupiter-api-5.11.3.jar;C:\Users\kej90\.m2\repository\org\opentest4j\opentest4j\1.3.0\opentest4j-1.3.0.jar;C:\Users\kej90\.m2\repository\org\junit\platform\junit-platform-commons\1.11.3\junit-platform-commons-1.11.3.jar;C:\Users\kej90\.m2\repository\org\apiguardian\apiguardian-api\1.1.2\apiguardian-api-1.1.2.jar;C:\Users\kej90\.m2\repository\org\junit\jupiter\junit-jupiter-params\5.11.3\junit-jupiter-params-5.11.3.jar;C:\Users\kej90\.m2\repository\org\junit\jupiter\junit-jupiter-engine\5.11.3\junit-jupiter-engine-5.11.3.jar;C:\Users\kej90\.m2\repository\org\junit\platform\junit-platform-engine\1.11.3\junit-platform-engine-1.11.3.jar;C:\Users\kej90\.m2\repository\org\mockito\mockito-core\5.14.2\mockito-core-5.14.2.jar;C:\Users\kej90\.m2\repository\net\bytebuddy\byte-buddy-agent\1.15.4\byte-buddy-agent-1.15.4.jar;C:\Users\kej90\.m2\repository\org\objenesis\objenesis\3.3\objenesis-3.3.jar;C:\Users\kej90\.m2\repository\org\mockito\mockito-junit-jupiter\5.14.2\mockito-junit-jupiter-5.14.2.jar;C:\Users\kej90\.m2\repository\org\skyscreamer\jsonassert\1.5.3\jsonassert-1.5.3.jar;C:\Users\kej90\.m2\repository\com\vaadin\external\google\android-json\0.0.20131108.vaadin1\android-json-0.0.20131108.vaadin1.jar;C:\Users\kej90\.m2\repository\org\springframework\spring-test\6.2.0\spring-test-6.2.0.jar;C:\Users\kej90\.m2\repository\org\xmlunit\xmlunit-core\2.10.0\xmlunit-core-2.10.0.jar;C:\Users\kej90\.m2\repository\org\springframework\boot\spring-boot-starter-web\3.4.0\spring-boot-starter-web-3.4.0.jar;C:\Users\kej90\.m2\repository\org\springframework\boot\spring-boot-starter-json\3.4.0\spring-boot-starter-json-3.4.0.jar;C:\Users\kej90\.m2\repository\com\fasterxml\jackson\core\jackson-databind\2.18.1\jackson-databind-2.18.1.jar;C:\Users\kej90\.m2\repository\com\fasterxml\jackson\datatype\jackson-datatype-jdk8\2.18.1\jackson-datatype-jdk8-2.18.1.jar;C:\Users\kej90\.m2\repository\com\fasterxml\jackson\datatype\jackson-datatype-jsr310\2.18.1\jackson-datatype-jsr310-2.18.1.jar;C:\Users\kej90\.m2\repository\com\fasterxml\jackson\module\jackson-module-parameter-names\2.18.1\jackson-module-parameter-names-2.18.1.jar;C:\Users\kej90\.m2\repository\org\springframework\boot\spring-boot-starter-tomcat\3.4.0\spring-boot-starter-tomcat-3.4.0.jar;C:\Users\kej90\.m2\repository\org\apache\tomcat\embed\tomcat-embed-core\10.1.33\tomcat-embed-core-10.1.33.jar;C:\Users\kej90\.m2\repository\org\apache\tomcat\embed\tomcat-embed-el\10.1.33\tomcat-embed-el-10.1.33.jar;C:\Users\kej90\.m2\repository\org\apache\tomcat\embed\tomcat-embed-websocket\10.1.33\tomcat-embed-websocket-10.1.33.jar;C:\Users\kej90\.m2\repository\org\springframework\spring-web\6.2.0\spring-web-6.2.0.jar;C:\Users\kej90\.m2\repository\org\springframework\spring-beans\6.2.0\spring-beans-6.2.0.jar;C:\Users\kej90\.m2\repository\io\micrometer\micrometer-observation\1.14.0\micrometer-observation-1.14.0.jar;C:\Users\kej90\.m2\repository\io\micrometer\micrometer-commons\1.14.0\micrometer-commons-1.14.0.jar;C:\Users\kej90\.m2\repository\org\springframework\spring-webmvc\6.2.0\spring-webmvc-6.2.0.jar;C:\Users\kej90\.m2\repository\org\springframework\spring-aop\6.2.0\spring-aop-6.2.0.jar;C:\Users\kej90\.m2\repository\org\springframework\spring-expression\6.2.0\spring-expression-6.2.0.jar;"/>
    <property name="sun.cpu.endian" value="little"/>
    <property name="user.home" value="C:\Users\kej90"/>
    <property name="user.language" value="ko"/>
    <property name="java.specification.vendor" value="Oracle Corporation"/>
    <property name="java.version.date" value="2022-01-18"/>
    <property name="java.home" value="C:\Program Files\Java\jdk-17.0.2"/>
    <property name="file.separator" value="\"/>
    <property name="basedir" value="C:\java\javad\spring-cloud-azure"/>
    <property name="java.vm.compressedOopsMode" value="Zero based"/>
    <property name="line.separator" value="&#10;"/>
    <property name="java.vm.specification.vendor" value="Oracle Corporation"/>
    <property name="java.specification.name" value="Java Platform API Specification"/>
    <property name="FILE_LOG_CHARSET" value="x-windows-949"/>
    <property name="java.awt.headless" value="true"/>
    <property name="surefire.real.class.path" value="C:\Users\kej90\AppData\Local\Temp\surefire11867430256003373197\surefirebooter-20241223231744216_3.jar"/>
    <property name="user.script" value=""/>
    <property name="sun.management.compiler" value="HotSpot 64-Bit Tiered Compilers"/>
    <property name="java.runtime.version" value="17.0.2+8-LTS-86"/>
    <property name="user.name" value="kej90"/>
    <property name="path.separator" value=";"/>
    <property name="os.version" value="10.0"/>
    <property name="java.runtime.name" value="Java(TM) SE Runtime Environment"/>
    <property name="file.encoding" value="MS949"/>
    <property name="java.vm.name" value="Java HotSpot(TM) 64-Bit Server VM"/>
    <property name="localRepository" value="C:\Users\kej90\.m2\repository"/>
    <property name="java.vendor.url.bug" value="https://bugreport.java.com/bugreport/"/>
    <property name="java.io.tmpdir" value="C:\Users\kej90\AppData\Local\Temp\"/>
    <property name="java.version" value="17.0.2"/>
    <property name="user.dir" value="C:\java\javad\spring-cloud-azure"/>
    <property name="os.arch" value="amd64"/>
    <property name="java.vm.specification.name" value="Java Virtual Machine Specification"/>
    <property name="PID" value="10208"/>
    <property name="sun.os.patch.level" value=""/>
    <property name="CONSOLE_LOG_CHARSET" value="x-windows-949"/>
    <property name="native.encoding" value="MS949"/>
    <property name="java.library.path" value="C:\Program Files\Java\jdk-17.0.2\bin;C:\WINDOWS\Sun\Java\bin;C:\WINDOWS\system32;C:\WINDOWS;C:\Python312\Scripts\;C:\Python312\;C:\Program Files\Microsoft SDKs\Azure\CLI2\wbin;C:\Program Files (x86)\Common Files\Intel\Shared Libraries\redist\intel64\compiler;C:\Program Files\Java\jdk-17.0.2\bin;C:\windows\system32;C:\windows;C:\windows\System32\Wbem;C:\windows\System32\WindowsPowerShell\v1.0\;C:\windows\System32\OpenSSH\;C:\Program Files\Bandizip\;C:\Program Files\Git\cmd;C:\Users\kej90\bioinformatics\sratoolkit.3.0.0-win64\bin;C:\Program Files (x86)\QuickTime\QTSystem\;C:\WINDOWS\system32;C:\WINDOWS;C:\WINDOWS\System32\Wbem;C:\WINDOWS\System32\WindowsPowerShell\v1.0\;C:\WINDOWS\System32\OpenSSH\;C:\Program Files\MySQL\MySQL Server 8.0\bin;C:\Program Files\PuTTY\;C:\Users\kej90\terraform_1.10.2_windows_amd64;C:\Program Files\nodejs\;C:\ProgramData\chocolatey\bin;C:\Program Files\nodejs\node_modules\npm\bin;C:\Users\kej90\windows-amd64;C:\Users\kej90\apache-maven-3.9.9\bin;C:\Program Files\Java\jdk-17.0.2\bin;;C:\Program Files\Docker\Docker\resources\bin;C:\app\kej90\product\21c\dbhomeXE\bin;C:\Program Files\MySQL\MySQL Shell 8.0\bin\;C:\Users\kej90\AppData\Local\Programs\Python\Python310\Scripts\;C:\Users\kej90\AppData\Local\Programs\Python\Python310\;C:\Users\kej90\AppData\Local\Microsoft\WindowsApps;C:\Users\kej90\AppData\Local\afreeca;C:\Users\kej90\.dotnet\tools;C:\Users\kej90\AppData\Local\atom\bin;C:\Users\kej90\AppData\Local\Programs\Microsoft VS Code\bin;C:\Program Files\JetBrains\IntelliJ IDEA 2023.2.5\bin;C:\Users\kej90\AppData\Local\Microsoft\WindowsApps;C:\Users\kej90\terraform\aks;C:\Users\kej90\AppData\Roaming\npm;C:\Path\To\ArgoCD-CLI;."/>
    <property name="java.vm.info" value="mixed mode, sharing"/>
    <property name="java.vendor" value="Oracle Corporation"/>
    <property name="java.vm.version" value="17.0.2+8-LTS-86"/>
    <property name="sun.io.unicode.encoding" value="UnicodeLittle"/>
    <property name="java.class.version" value="61.0"/>
    <property name="LOGGED_APPLICATION_NAME" value="[spring-cloud-azure] "/>
  </properties>
  <testcase name="contextLoads" classname="com.example.spring_cloud_azure.SpringCloudAzureApplicationTests" time="0.755">
    <system-out><![CDATA[23:17:45.075 [main] INFO org.springframework.test.context.support.AnnotationConfigContextLoaderUtils -- Could not detect default configuration classes for test class [com.example.spring_cloud_azure.SpringCloudAzureApplicationTests]: SpringCloudAzureApplicationTests does not declare any static, non-private, non-final, nested classes annotated with @Configuration.
23:17:45.190 [main] INFO org.springframework.boot.test.context.SpringBootTestContextBootstrapper -- Found @SpringBootConfiguration com.example.spring_cloud_azure.SpringCloudAzureApplication for test class com.example.spring_cloud_azure.SpringCloudAzureApplicationTests

  .   ____          _            __ _ _
 /\\ / ___'_ __ _ _(_)_ __  __ _ \ \ \ \
( ( )\___ | '_ | '_| | '_ \/ _` | \ \ \ \
 \\/  ___)| |_)| | | | | || (_| |  ) ) ) )
  '  |____| .__|_| |_|_| |_\__, | / / / /
 =========|_|==============|___/=/_/_/_/

 :: Spring Boot ::                (v3.4.0)

2024-12-23T23:17:45.740+09:00  INFO 10208 --- [spring-cloud-azure] [           main] c.e.s.SpringCloudAzureApplicationTests   : Starting SpringCloudAzureApplicationTests using Java 17.0.2 with PID 10208 (started by kej90 in C:\java\javad\spring-cloud-azure)
2024-12-23T23:17:45.740+09:00  INFO 10208 --- [spring-cloud-azure] [           main] c.e.s.SpringCloudAzureApplicationTests   : No active profile set, falling back to 1 default profile: "default"
2024-12-23T23:17:47.521+09:00  INFO 10208 --- [spring-cloud-azure] [           main] c.e.s.SpringCloudAzureApplicationTests   : Started SpringCloudAzureApplicationTests in 2.163 seconds (process running for 3.164)
]]></system-out>
  </testcase>
</testsuite>